<?xml version="1.0" encoding="UTF-8"?>
<testng-results ignored="0" total="2" passed="0" failed="2" skipped="0">
  <reporter-output>
  </reporter-output>
  <suite started-at="2022-07-28T17:53:59 IST" name="Default suite" finished-at="2022-07-28T17:54:37 IST" duration-ms="38293">
    <groups>
      <group name="cucumber">
        <method signature="AbstractTestNGCucumberTests.runScenario(io.cucumber.testng.PickleWrapper,io.cucumber.testng.FeatureWrapper)[pri:0, instance:Runner_class.Runnerclass@7b02881e]" name="runScenario" class="io.cucumber.testng.AbstractTestNGCucumberTests"/>
      </group> <!-- cucumber -->
    </groups>
    <test started-at="2022-07-28T17:53:59 IST" name="Default test" finished-at="2022-07-28T17:54:37 IST" duration-ms="38293">
      <class name="Runner_class.Runnerclass">
        <test-method is-config="true" signature="setUpClass()[pri:0, instance:Runner_class.Runnerclass@7b02881e]" started-at="2022-07-28T17:53:59 IST" name="setUpClass" finished-at="2022-07-28T17:54:00 IST" duration-ms="1094" status="PASS">
          <reporter-output>
          </reporter-output>
        </test-method> <!-- setUpClass -->
        <test-method signature="runScenario(io.cucumber.testng.PickleWrapper,io.cucumber.testng.FeatureWrapper)[pri:0, instance:Runner_class.Runnerclass@7b02881e]" started-at="2022-07-28T17:54:00 IST" name="runScenario" description="Runs Cucumber Scenarios" data-provider="scenarios" finished-at="2022-07-28T17:54:18 IST" duration-ms="18146" status="FAIL">
          <params>
            <param index="0">
              <value>
                <![CDATA["to activate anna university college student profiles"]]>
              </value>
            </param>
            <param index="1">
              <value>
                <![CDATA["Optional[student profile activation]"]]>
              </value>
            </param>
          </params>
          <exception class="java.lang.AssertionError">
            <message>
              <![CDATA[oops!!! 1AUGSC0601 profile already activated]]>
            </message>
            <full-stacktrace>
              <![CDATA[java.lang.AssertionError: oops!!! 1AUGSC0601 profile already activated
at org.junit.Assert.fail(Assert.java:89)
at Stepdefinitions.ProfileActivationStepDefinition.each_student_logs_into_student_login_and_does_payment_to_activate_their_profile(ProfileActivationStepDefinition.java:125)
at ✽.each student logs into student login with valid "1AUGSC0601" and "9786868186" does payment to activate their profile(file:///C:/Users/Lavanya/git/profile-Activation/adm/featurefile/au.feature:4)
]]>
            </full-stacktrace>
          </exception> <!-- java.lang.AssertionError -->
          <reporter-output>
          </reporter-output>
        </test-method> <!-- runScenario -->
        <test-method signature="runScenario(io.cucumber.testng.PickleWrapper,io.cucumber.testng.FeatureWrapper)[pri:0, instance:Runner_class.Runnerclass@7b02881e]" started-at="2022-07-28T17:54:18 IST" name="runScenario" description="Runs Cucumber Scenarios" data-provider="scenarios" finished-at="2022-07-28T17:54:35 IST" duration-ms="16959" status="FAIL">
          <params>
            <param index="0">
              <value>
                <![CDATA["to activate anna university college student profiles"]]>
              </value>
            </param>
            <param index="1">
              <value>
                <![CDATA["Optional[student profile activation]"]]>
              </value>
            </param>
          </params>
          <exception class="java.lang.AssertionError">
            <message>
              <![CDATA[oops!!! 1AUGSC0602 profile already activated]]>
            </message>
            <full-stacktrace>
              <![CDATA[java.lang.AssertionError: oops!!! 1AUGSC0602 profile already activated
at org.junit.Assert.fail(Assert.java:89)
at Stepdefinitions.ProfileActivationStepDefinition.each_student_logs_into_student_login_and_does_payment_to_activate_their_profile(ProfileActivationStepDefinition.java:125)
at ✽.each student logs into student login with valid "1AUGSC0602" and "8248728983" does payment to activate their profile(file:///C:/Users/Lavanya/git/profile-Activation/adm/featurefile/au.feature:4)
]]>
            </full-stacktrace>
          </exception> <!-- java.lang.AssertionError -->
          <reporter-output>
          </reporter-output>
        </test-method> <!-- runScenario -->
        <test-method is-config="true" signature="tearDownClass()[pri:0, instance:Runner_class.Runnerclass@7b02881e]" started-at="2022-07-28T17:54:35 IST" name="tearDownClass" finished-at="2022-07-28T17:54:37 IST" duration-ms="2023" status="PASS">
          <reporter-output>
          </reporter-output>
        </test-method> <!-- tearDownClass -->
      </class> <!-- Runner_class.Runnerclass -->
    </test> <!-- Default test -->
  </suite> <!-- Default suite -->
</testng-results>
